<?xml version="1.0" encoding="UTF-8"?>
<!-- Generated by org.testng.reporters.JUnitReportReporter -->
<testsuite hostname="DESKTOP-DRTC6PB" failures="0" tests="1" name="com.mvn.DragNDrop" time="16.114" errors="0" timestamp="2024-09-25T10:42:27 IST" skipped="0">
  <testcase classname="com.mvn.DragNDrop" name="drag" time="16.114"/>
</testsuite> <!-- com.mvn.DragNDrop -->
