<?xml version="1.0" encoding="UTF-8"?>
<!-- Generated by org.testng.reporters.JUnitReportReporter -->
<testsuite hostname="DESKTOP-DRTC6PB" failures="0" tests="1" name="com.mvn.ScrollDemo" time="14.434" errors="0" timestamp="2024-09-27T16:10:37 IST" skipped="0">
  <testcase classname="com.mvn.ScrollDemo" name="scroll" time="14.434"/>
</testsuite> <!-- com.mvn.ScrollDemo -->
