<?xml version="1.0" encoding="UTF-8"?>
<!-- Generated by org.testng.reporters.JUnitReportReporter -->
<testsuite hostname="DESKTOP-DRTC6PB" failures="0" tests="1" name="com.mvn.SwipeDemo" time="31.252" errors="0" timestamp="2024-09-27T10:23:55 IST" skipped="0">
  <testcase classname="com.mvn.SwipeDemo" name="swipe" time="31.252"/>
</testsuite> <!-- com.mvn.SwipeDemo -->
