<?xml version="1.0" encoding="UTF-8"?>
<!-- Generated by org.testng.reporters.JUnitReportReporter -->
<testsuite hostname="DESKTOP-DRTC6PB" failures="0" tests="1" name="com.mvn.ApkApp" time="29.123" errors="0" timestamp="2024-09-29T13:23:31 IST" skipped="0">
  <testcase classname="com.mvn.ApkApp" name="app" time="29.123"/>
</testsuite> <!-- com.mvn.ApkApp -->
