<?xml version="1.0" encoding="UTF-8"?>
<!-- Generated by org.testng.reporters.JUnitReportReporter -->
<testsuite hostname="DESKTOP-DRTC6PB" failures="0" tests="1" name="com.mvn.ApkApp" time="9.027" errors="0" timestamp="2024-09-30T11:30:30 IST" skipped="0">
  <testcase classname="com.mvn.ApkApp" name="app" time="9.027"/>
</testsuite> <!-- com.mvn.ApkApp -->
