<?xml version="1.0" encoding="UTF-8"?>
<!-- Generated by org.testng.reporters.JUnitReportReporter -->
<testsuite hostname="DESKTOP-DRTC6PB" failures="0" tests="1" name="com.mvn.ScrollDemo" time="18.757" errors="0" timestamp="2024-09-23T10:58:43 IST" skipped="0">
  <testcase classname="com.mvn.ScrollDemo" name="scroll" time="18.757"/>
</testsuite> <!-- com.mvn.ScrollDemo -->
