<?xml version="1.0" encoding="UTF-8"?>
<!-- Generated by org.testng.reporters.JUnitReportReporter -->
<testsuite hostname="DESKTOP-DRTC6PB" failures="0" tests="1" name="com.mvn.CalculatorDemo" time="29.041" errors="0" timestamp="2024-09-30T11:45:10 IST" skipped="0">
  <testcase classname="com.mvn.CalculatorDemo" name="cal" time="29.041"/>
</testsuite> <!-- com.mvn.CalculatorDemo -->
