<?xml version="1.0" encoding="UTF-8"?>
<!-- Generated by org.testng.reporters.JUnitReportReporter -->
<testsuite hostname="DESKTOP-DRTC6PB" failures="0" tests="1" name="com.mvn.GeneralStore" time="45.944" errors="0" timestamp="2024-09-23T12:18:18 IST" skipped="0">
  <testcase classname="com.mvn.GeneralStore" name="store" time="45.944"/>
</testsuite> <!-- com.mvn.GeneralStore -->
