<?xml version="1.0" encoding="UTF-8"?>
<!-- Generated by org.testng.reporters.JUnitReportReporter -->
<testsuite hostname="DESKTOP-DRTC6PB" failures="0" tests="1" name="com.mvn.Animation" time="163.942" errors="0" timestamp="2024-09-26T14:42:44 IST" skipped="0">
  <testcase classname="com.mvn.Animation" name="action" time="163.942"/>
</testsuite> <!-- com.mvn.Animation -->
