<?xml version="1.0" encoding="UTF-8"?>
<!-- Generated by org.testng.reporters.JUnitReportReporter -->
<testsuite hostname="DESKTOP-DRTC6PB" failures="0" tests="1" name="com.mvn.FirstDemo" time="38.527" errors="0" timestamp="2024-09-23T10:33:13 IST" skipped="0">
  <testcase classname="com.mvn.FirstDemo" name="test" time="38.527"/>
</testsuite> <!-- com.mvn.FirstDemo -->
